<?xml version="1.0" encoding="UTF-8"?>
<testsuite xmlns:xsi="http://www.w3.org/2001/XMLSchema-instance" xsi:noNamespaceSchemaLocation="https://maven.apache.org/surefire/maven-surefire-plugin/xsd/surefire-test-report-3.0.xsd" version="3.0" name="com.example.RestconfClientManagerTest" time="2.185" tests="1" errors="0" skipped="0" failures="0">
  <properties>
[...]
</properties>
  <testcase name="testGetConfig" classname="com.example.RestconfClientManagerTest" time="2.183">
    <system-out><![CDATA[GET Request URL: https://172.20.0.109/restconf/data/ietf-interfaces:interfaces
GET Response Code: 200
GET Response: <interfaces xmlns="urn:ietf:params:xml:ns:yang:ietf-interfaces"  xmlns:if="urn:ietf:params:xml:ns:yang:ietf-interfaces">  <interface>    <name>GigabitEthernet1</name>    <type xmlns:ianaift="urn:ietf:params:xml:ns:yang:iana-if-type">ianaift:ethernetCsmacd</type>    <enabled>true</enabled>    <ipv4 xmlns="urn:ietf:params:xml:ns:yang:ietf-ip">    </ipv4>    <ipv6 xmlns="urn:ietf:params:xml:ns:yang:ietf-ip">    </ipv6>  </interface>  <interface>    <name>GigabitEthernet2</name>    <type xmlns:ianaift="urn:ietf:params:xml:ns:yang:iana-if-type">ianaift:ethernetCsmacd</type>    <enabled>true</enabled>    <ipv4 xmlns="urn:ietf:params:xml:ns:yang:ietf-ip">    </ipv4>    <ipv6 xmlns="urn:ietf:params:xml:ns:yang:ietf-ip">    </ipv6>  </interface>  <interface>    <name>GigabitEthernet3</name>    <type xmlns:ianaift="urn:ietf:params:xml:ns:yang:iana-if-type">ianaift:ethernetCsmacd</type>    <enabled>true</enabled>    <ipv4 xmlns="urn:ietf:params:xml:ns:yang:ietf-ip">    </ipv4>    <ipv6 xmlns="urn:ietf:params:xml:ns:yang:ietf-ip">    </ipv6>  </interface>  <interface>    <name>GigabitEthernet4</name>    <type xmlns:ianaift="urn:ietf:params:xml:ns:yang:iana-if-type">ianaift:ethernetCsmacd</type>    <enabled>true</enabled>    <ipv4 xmlns="urn:ietf:params:xml:ns:yang:ietf-ip">    </ipv4>    <ipv6 xmlns="urn:ietf:params:xml:ns:yang:ietf-ip">    </ipv6>  </interface>  <interface>    <name>Loopback11</name>    <type xmlns:ianaift="urn:ietf:params:xml:ns:yang:iana-if-type">ianaift:softwareLoopback</type>    <enabled>true</enabled>    <ipv4 xmlns="urn:ietf:params:xml:ns:yang:ietf-ip">      <address>        <ip>12.0.0.5</ip>        <netmask>255.0.0.0</netmask>      </address>    </ipv4>    <ipv6 xmlns="urn:ietf:params:xml:ns:yang:ietf-ip">    </ipv6>  </interface></interfaces>
]]></system-out>
  </testcase>
</testsuite>